E:\CPROJECT\2020\DEMO\COMMANDGENERATE\COMMANDGENERATE\RELEASE\COMMANDGENERATE.EXE.INTERMEDIATE.MANIFEST
E:\CPROJECT\2020\DEMO\COMMANDGENERATE\COMMANDGENERATE\RELEASE\COMMANDGENERATE.PCH
E:\CPROJECT\2020\DEMO\COMMANDGENERATE\COMMANDGENERATE\RELEASE\DOWNCMD.OBJ
E:\CPROJECT\2020\DEMO\COMMANDGENERATE\COMMANDGENERATE\RELEASE\RUN_4002.OBJ
E:\CPROJECT\2020\DEMO\COMMANDGENERATE\COMMANDGENERATE\RELEASE\STDAFX.OBJ
E:\CPROJECT\2020\DEMO\COMMANDGENERATE\COMMANDGENERATE\RELEASE\TESTGO.OBJ
E:\CPROJECT\2020\DEMO\COMMANDGENERATE\COMMANDGENERATE\RELEASE\TTLWRAPPER.OBJ
E:\CPROJECT\2020\DEMO\COMMANDGENERATE\COMMANDGENERATE\RELEASE\UPCMD.OBJ
E:\CPROJECT\2020\DEMO\COMMANDGENERATE\COMMANDGENERATE\RELEASE\VC100.PDB
E:\CPROJECT\2020\DEMO\COMMANDGENERATE\COMMANDGENERATE\RELEASE\WZSERIALPORT.OBJ
E:\CPROJECT\2020\DEMO\COMMANDGENERATE\RELEASE\COMMANDGENERATE.EXE
E:\CPROJECT\2020\DEMO\COMMANDGENERATE\RELEASE\COMMANDGENERATE.PDB
E:\Cproject\2020\demo\CommandGenerate_pro\CommandGenerate\Release\cl.command.1.tlog
E:\Cproject\2020\demo\CommandGenerate_pro\CommandGenerate\Release\CL.read.1.tlog
E:\Cproject\2020\demo\CommandGenerate_pro\CommandGenerate\Release\CL.write.1.tlog
E:\Cproject\2020\demo\CommandGenerate_pro\CommandGenerate\Release\CommandGenerate.exe.intermediate.manifest
E:\CPROJECT\2020\DEMO\COMMANDGENERATE_PRO\COMMANDGENERATE\RELEASE\COMMANDGENERATE.PCH
E:\Cproject\2020\demo\CommandGenerate_pro\CommandGenerate\Release\CommandGenerate.vcxprojResolveAssemblyReference.cache
E:\Cproject\2020\demo\CommandGenerate_pro\CommandGenerate\Release\CommandGenerate.write.1.tlog
E:\CPROJECT\2020\DEMO\COMMANDGENERATE_PRO\COMMANDGENERATE\RELEASE\DOWNCMD.OBJ
E:\CPROJECT\2020\DEMO\COMMANDGENERATE_PRO\COMMANDGENERATE\RELEASE\FILE_GET.OBJ
E:\CPROJECT\2020\DEMO\COMMANDGENERATE_PRO\COMMANDGENERATE\RELEASE\FILENAME_GET.OBJ
E:\Cproject\2020\demo\CommandGenerate_pro\CommandGenerate\Release\link.command.1.tlog
E:\Cproject\2020\demo\CommandGenerate_pro\CommandGenerate\Release\link.read.1.tlog
E:\Cproject\2020\demo\CommandGenerate_pro\CommandGenerate\Release\link.write.1.tlog
E:\Cproject\2020\demo\CommandGenerate_pro\CommandGenerate\Release\mt.command.1.tlog
E:\Cproject\2020\demo\CommandGenerate_pro\CommandGenerate\Release\mt.read.1.tlog
E:\Cproject\2020\demo\CommandGenerate_pro\CommandGenerate\Release\mt.write.1.tlog
E:\CPROJECT\2020\DEMO\COMMANDGENERATE_PRO\COMMANDGENERATE\RELEASE\PCM_PLAY.OBJ
E:\CPROJECT\2020\DEMO\COMMANDGENERATE_PRO\COMMANDGENERATE\RELEASE\RUN_4002.OBJ
E:\CPROJECT\2020\DEMO\COMMANDGENERATE_PRO\COMMANDGENERATE\RELEASE\STDAFX.OBJ
E:\CPROJECT\2020\DEMO\COMMANDGENERATE_PRO\COMMANDGENERATE\RELEASE\TESTGO.OBJ
E:\CPROJECT\2020\DEMO\COMMANDGENERATE_PRO\COMMANDGENERATE\RELEASE\TTLWRAPPER.OBJ
E:\CPROJECT\2020\DEMO\COMMANDGENERATE_PRO\COMMANDGENERATE\RELEASE\UPCMD.OBJ
E:\CPROJECT\2020\DEMO\COMMANDGENERATE_PRO\COMMANDGENERATE\RELEASE\VC100.PDB
E:\CPROJECT\2020\DEMO\COMMANDGENERATE_PRO\COMMANDGENERATE\RELEASE\WAVEOUT.OBJ
E:\CPROJECT\2020\DEMO\COMMANDGENERATE_PRO\COMMANDGENERATE\RELEASE\WAVEOUTWRA.OBJ
E:\CPROJECT\2020\DEMO\COMMANDGENERATE_PRO\COMMANDGENERATE\RELEASE\WZSERIALPORT.OBJ
E:\CPROJECT\2020\DEMO\COMMANDGENERATE_PRO\RELEASE\COMMANDGENERATE.EXE
E:\Cproject\2020\demo\CommandGenerate_pro\Release\CommandGenerate.pdb
