生成启动时间为 2020/6/10 14:02:54。
     1>项目“E:\Cproject\2020\demo\CommandGenerate_pro\CommandGenerate\CommandGenerate.vcxproj”在节点 2 上(build 个目标)。
     1>InitializeBuildStatus:
         正在对“Release\CommandGenerate.unsuccessfulbuild”执行 Touch 任务。
       ClCompile:
         所有输出均为最新。
         C:\Program Files (x86)\Microsoft Visual Studio 10.0\VC\bin\CL.exe /c /Zi /nologo /W3 /WX- /O2 /Oi /Oy- /GL /D WIN32 /D NDEBUG /D _CONSOLE /D _UNICODE /D UNICODE /Gm- /EHsc /MD /GS /Gy /fp:precise /Zc:wchar_t /Zc:forScope /Fo"Release\\" /Fd"Release\vc100.pdb" /Gd /TC /analyze- /errorReport:prompt MSG_DEAL.c testGO.c
         MSG_DEAL.c
         testGO.c
     1>testGO.c(71): warning C4996: 'scanf': This function or variable may be unsafe. Consider using scanf_s instead. To disable deprecation, use _CRT_SECURE_NO_WARNINGS. See online help for details.
                 C:\Program Files (x86)\Microsoft Visual Studio 10.0\VC\include\stdio.h(304) : 参见“scanf”的声明
     1>testGO.c(73): warning C4996: 'scanf': This function or variable may be unsafe. Consider using scanf_s instead. To disable deprecation, use _CRT_SECURE_NO_WARNINGS. See online help for details.
                 C:\Program Files (x86)\Microsoft Visual Studio 10.0\VC\include\stdio.h(304) : 参见“scanf”的声明
     1>testGO.c(90): warning C4067: 预处理器指令后有意外标记 - 应输入换行符
     1>testGO.c(90): warning C4067: 预处理器指令后有意外标记 - 应输入换行符
     1>testGO.c(64): warning C4101: “fileList”: 未引用的局部变量
         所有输出均为最新。
       Link:
         C:\Program Files (x86)\Microsoft Visual Studio 10.0\VC\bin\link.exe /ERRORREPORT:PROMPT /OUT:"E:\Cproject\2020\demo\CommandGenerate_pro\Release\CommandGenerate.exe" /INCREMENTAL:NO /NOLOGO kernel32.lib user32.lib gdi32.lib winspool.lib comdlg32.lib advapi32.lib shell32.lib ole32.lib oleaut32.lib uuid.lib odbc32.lib odbccp32.lib /MANIFEST /ManifestFile:"Release\CommandGenerate.exe.intermediate.manifest" /MANIFESTUAC:"level='asInvoker' uiAccess='false'" /DEBUG /PDB:"E:\Cproject\2020\demo\CommandGenerate_pro\Release\CommandGenerate.pdb" /SUBSYSTEM:CONSOLE /OPT:REF /OPT:ICF /LTCG /TLBID:1 /DYNAMICBASE /NXCOMPAT /IMPLIB:"E:\Cproject\2020\demo\CommandGenerate_pro\Release\CommandGenerate.lib" /MACHINE:X86 Release\DownCMD.obj
         Release\file_get.obj
         Release\MSG_DEAL.obj
         Release\pcm_play.obj
         Release\Run_4002.obj
         Release\Run_ci1102.obj
         Release\stdafx.obj
         Release\testGO.obj
         Release\ttlWrapper.obj
         Release\UpCMD.obj
         Release\waveout.obj
         Release\WZSerialPort.obj
         正在生成代码
         已完成代码的生成
         CommandGenerate.vcxproj -> E:\Cproject\2020\demo\CommandGenerate_pro\Release\CommandGenerate.exe
       Manifest:
         C:\Program Files (x86)\Microsoft SDKs\Windows\v7.0A\bin\mt.exe /nologo /verbose /outputresource:"E:\Cproject\2020\demo\CommandGenerate_pro\Release\CommandGenerate.exe;#1" /manifest Release\CommandGenerate.exe.intermediate.manifest
       FinalizeBuildStatus:
         正在删除文件“Release\CommandGenerate.unsuccessfulbuild”。
         正在对“Release\CommandGenerate.lastbuildstate”执行 Touch 任务。
     1>已完成生成项目“E:\Cproject\2020\demo\CommandGenerate_pro\CommandGenerate\CommandGenerate.vcxproj”(build 个目标)的操作。

生成成功。

已用时间 00:00:04.12
