生成启动时间为 2020/6/16 12:56:18。
     1>项目“E:\Cproject\2020\demo\CommandGenerate_pro\CommandGenerate\CommandGenerate.vcxproj”在节点 2 上(build 个目标)。
     1>InitializeBuildStatus:
         正在创建“Debug\CommandGenerate.unsuccessfulbuild”，因为已指定“AlwaysCreate”。
       ClCompile:
         所有输出均为最新。
         C:\Program Files (x86)\Microsoft Visual Studio 10.0\VC\bin\CL.exe /c /ZI /nologo /W3 /WX- /Od /Oy- /D WIN32 /D _DEBUG /D _CONSOLE /D _UNICODE /D UNICODE /Gm /EHsc /RTC1 /MDd /GS /fp:precise /Zc:wchar_t /Zc:forScope /Fo"Debug\\" /Fd"Debug\vc100.pdb" /Gd /TC /analyze- /errorReport:prompt MSG_DEAL.c
         MSG_DEAL.c
     1>e:\cproject\2020\demo\commandgenerate_pro\commandgenerate\msg_deal.c(63): warning C4067: 预处理器指令后有意外标记 - 应输入换行符
     1>e:\cproject\2020\demo\commandgenerate_pro\commandgenerate\msg_deal.c(63): warning C4067: 预处理器指令后有意外标记 - 应输入换行符
     1>e:\cproject\2020\demo\commandgenerate_pro\commandgenerate\msg_deal.c(173): warning C4067: 预处理器指令后有意外标记 - 应输入换行符
     1>e:\cproject\2020\demo\commandgenerate_pro\commandgenerate\msg_deal.c(173): warning C4067: 预处理器指令后有意外标记 - 应输入换行符
     1>e:\cproject\2020\demo\commandgenerate_pro\commandgenerate\msg_deal.c(180): warning C4067: 预处理器指令后有意外标记 - 应输入换行符
     1>e:\cproject\2020\demo\commandgenerate_pro\commandgenerate\msg_deal.c(180): warning C4067: 预处理器指令后有意外标记 - 应输入换行符
     1>e:\cproject\2020\demo\commandgenerate_pro\commandgenerate\msg_deal.c(205): warning C4067: 预处理器指令后有意外标记 - 应输入换行符
     1>e:\cproject\2020\demo\commandgenerate_pro\commandgenerate\msg_deal.c(205): warning C4067: 预处理器指令后有意外标记 - 应输入换行符
         所有输出均为最新。
       ManifestResourceCompile:
         所有输出均为最新。
       Link:
         C:\Program Files (x86)\Microsoft Visual Studio 10.0\VC\bin\link.exe /ERRORREPORT:PROMPT /OUT:"E:\Cproject\2020\demo\CommandGenerate_pro\Debug\CommandGenerate.exe" /INCREMENTAL /NOLOGO kernel32.lib user32.lib gdi32.lib winspool.lib comdlg32.lib advapi32.lib shell32.lib ole32.lib oleaut32.lib uuid.lib odbc32.lib odbccp32.lib /MANIFEST /ManifestFile:"Debug\CommandGenerate.exe.intermediate.manifest" /MANIFESTUAC:"level='asInvoker' uiAccess='false'" /DEBUG /PDB:"E:\Cproject\2020\demo\CommandGenerate_pro\Debug\CommandGenerate.pdb" /SUBSYSTEM:CONSOLE /TLBID:1 /DYNAMICBASE /NXCOMPAT /IMPLIB:"E:\Cproject\2020\demo\CommandGenerate_pro\Debug\CommandGenerate.lib" /MACHINE:X86 Debug\CommandGenerate.exe.embed.manifest.res
         Debug\DownCMD.obj
         Debug\file_get.obj
         Debug\MSG_DEAL.obj
         Debug\pcm_play.obj
         Debug\Run_4002.obj
         Debug\Run_ci1102.obj
         Debug\stdafx.obj
         Debug\testGO.obj
         Debug\ttlWrapper.obj
         Debug\UARTLIST.obj
         Debug\UpCMD.obj
         Debug\waveout.obj
         Debug\WZSerialPort.obj
       Manifest:
         C:\Program Files (x86)\Microsoft SDKs\Windows\v7.0A\bin\mt.exe /nologo /verbose /out:"Debug\CommandGenerate.exe.embed.manifest" /manifest Debug\CommandGenerate.exe.intermediate.manifest
         所有输出均为最新。
       LinkEmbedManifest:
         所有输出均为最新。
         CommandGenerate.vcxproj -> E:\Cproject\2020\demo\CommandGenerate_pro\Debug\CommandGenerate.exe
       FinalizeBuildStatus:
         正在删除文件“Debug\CommandGenerate.unsuccessfulbuild”。
         正在对“Debug\CommandGenerate.lastbuildstate”执行 Touch 任务。
     1>已完成生成项目“E:\Cproject\2020\demo\CommandGenerate_pro\CommandGenerate\CommandGenerate.vcxproj”(build 个目标)的操作。

生成成功。

已用时间 00:00:02.72
