E:\CPROJECT\2020\DEMO\COMMANDGENERATE\COMMANDGENERATE\DEBUG\COMMANDGENERATE.EXE.EMBED.MANIFEST
E:\CPROJECT\2020\DEMO\COMMANDGENERATE\COMMANDGENERATE\DEBUG\COMMANDGENERATE.EXE.EMBED.MANIFEST.RES
E:\CPROJECT\2020\DEMO\COMMANDGENERATE\COMMANDGENERATE\DEBUG\COMMANDGENERATE.EXE.INTERMEDIATE.MANIFEST
E:\CPROJECT\2020\DEMO\COMMANDGENERATE\COMMANDGENERATE\DEBUG\COMMANDGENERATE.PCH
E:\CPROJECT\2020\DEMO\COMMANDGENERATE\COMMANDGENERATE\DEBUG\DOWNCMD.OBJ
E:\CPROJECT\2020\DEMO\COMMANDGENERATE\COMMANDGENERATE\DEBUG\RUN_4002.OBJ
E:\CPROJECT\2020\DEMO\COMMANDGENERATE\COMMANDGENERATE\DEBUG\STDAFX.OBJ
E:\CPROJECT\2020\DEMO\COMMANDGENERATE\COMMANDGENERATE\DEBUG\TESTGO.OBJ
E:\CPROJECT\2020\DEMO\COMMANDGENERATE\COMMANDGENERATE\DEBUG\TTLWRAPPER.OBJ
E:\CPROJECT\2020\DEMO\COMMANDGENERATE\COMMANDGENERATE\DEBUG\UPCMD.OBJ
E:\CPROJECT\2020\DEMO\COMMANDGENERATE\COMMANDGENERATE\DEBUG\VC100.PDB
E:\CPROJECT\2020\DEMO\COMMANDGENERATE\COMMANDGENERATE\DEBUG\WZSERIALPORT.OBJ
E:\CPROJECT\2020\DEMO\COMMANDGENERATE\DEBUG\COMMANDGENERATE.EXE
E:\CPROJECT\2020\DEMO\COMMANDGENERATE\DEBUG\COMMANDGENERATE.ILK
E:\CPROJECT\2020\DEMO\COMMANDGENERATE\DEBUG\COMMANDGENERATE.PDB
E:\Cproject\2020\demo\CommandGenerate_pro\CommandGenerate\Debug\cl.command.1.tlog
E:\Cproject\2020\demo\CommandGenerate_pro\CommandGenerate\Debug\CL.read.1.tlog
E:\Cproject\2020\demo\CommandGenerate_pro\CommandGenerate\Debug\CL.write.1.tlog
E:\Cproject\2020\demo\CommandGenerate_pro\CommandGenerate\Debug\CommandGenerate.exe.embed.manifest
E:\CPROJECT\2020\DEMO\COMMANDGENERATE_PRO\COMMANDGENERATE\DEBUG\COMMANDGENERATE.EXE.EMBED.MANIFEST.RES
E:\Cproject\2020\demo\CommandGenerate_pro\CommandGenerate\Debug\CommandGenerate.exe.intermediate.manifest
E:\CPROJECT\2020\DEMO\COMMANDGENERATE_PRO\COMMANDGENERATE\DEBUG\COMMANDGENERATE.PCH
E:\Cproject\2020\demo\CommandGenerate_pro\CommandGenerate\Debug\CommandGenerate.vcxprojResolveAssemblyReference.cache
E:\Cproject\2020\demo\CommandGenerate_pro\CommandGenerate\Debug\CommandGenerate.write.1.tlog
E:\Cproject\2020\demo\CommandGenerate_pro\CommandGenerate\Debug\CommandGenerate_manifest.rc
E:\CPROJECT\2020\DEMO\COMMANDGENERATE_PRO\COMMANDGENERATE\DEBUG\DOWNCMD.OBJ
E:\CPROJECT\2020\DEMO\COMMANDGENERATE_PRO\COMMANDGENERATE\DEBUG\FILE_GET.OBJ
E:\Cproject\2020\demo\CommandGenerate_pro\CommandGenerate\Debug\link.15904.read.1.tlog
E:\Cproject\2020\demo\CommandGenerate_pro\CommandGenerate\Debug\link.15904.write.1.tlog
E:\Cproject\2020\demo\CommandGenerate_pro\CommandGenerate\Debug\link.15904-cvtres.read.1.tlog
E:\Cproject\2020\demo\CommandGenerate_pro\CommandGenerate\Debug\link.15904-cvtres.write.1.tlog
E:\Cproject\2020\demo\CommandGenerate_pro\CommandGenerate\Debug\link.17180.read.1.tlog
E:\Cproject\2020\demo\CommandGenerate_pro\CommandGenerate\Debug\link.17180.write.1.tlog
E:\Cproject\2020\demo\CommandGenerate_pro\CommandGenerate\Debug\link.17180-cvtres.read.1.tlog
E:\Cproject\2020\demo\CommandGenerate_pro\CommandGenerate\Debug\link.17180-cvtres.write.1.tlog
E:\Cproject\2020\demo\CommandGenerate_pro\CommandGenerate\Debug\link.4072.read.1.tlog
E:\Cproject\2020\demo\CommandGenerate_pro\CommandGenerate\Debug\link.4072.write.1.tlog
E:\Cproject\2020\demo\CommandGenerate_pro\CommandGenerate\Debug\link.4072-cvtres.read.1.tlog
E:\Cproject\2020\demo\CommandGenerate_pro\CommandGenerate\Debug\link.4072-cvtres.write.1.tlog
E:\Cproject\2020\demo\CommandGenerate_pro\CommandGenerate\Debug\link.7164.read.1.tlog
E:\Cproject\2020\demo\CommandGenerate_pro\CommandGenerate\Debug\link.7164.write.1.tlog
E:\Cproject\2020\demo\CommandGenerate_pro\CommandGenerate\Debug\link.7164-cvtres.read.1.tlog
E:\Cproject\2020\demo\CommandGenerate_pro\CommandGenerate\Debug\link.7164-cvtres.write.1.tlog
E:\Cproject\2020\demo\CommandGenerate_pro\CommandGenerate\Debug\link.command.1.tlog
E:\Cproject\2020\demo\CommandGenerate_pro\CommandGenerate\Debug\link.read.1.tlog
E:\Cproject\2020\demo\CommandGenerate_pro\CommandGenerate\Debug\link.write.1.tlog
E:\Cproject\2020\demo\CommandGenerate_pro\CommandGenerate\Debug\link-cvtres.read.1.tlog
E:\Cproject\2020\demo\CommandGenerate_pro\CommandGenerate\Debug\link-cvtres.write.1.tlog
E:\CPROJECT\2020\DEMO\COMMANDGENERATE_PRO\COMMANDGENERATE\DEBUG\MSG_DEAL.OBJ
E:\Cproject\2020\demo\CommandGenerate_pro\CommandGenerate\Debug\mt.command.1.tlog
E:\Cproject\2020\demo\CommandGenerate_pro\CommandGenerate\Debug\mt.read.1.tlog
E:\Cproject\2020\demo\CommandGenerate_pro\CommandGenerate\Debug\mt.write.1.tlog
E:\CPROJECT\2020\DEMO\COMMANDGENERATE_PRO\COMMANDGENERATE\DEBUG\PCM_PLAY.OBJ
E:\Cproject\2020\demo\CommandGenerate_pro\CommandGenerate\Debug\rc.command.1.tlog
E:\Cproject\2020\demo\CommandGenerate_pro\CommandGenerate\Debug\rc.read.1.tlog
E:\Cproject\2020\demo\CommandGenerate_pro\CommandGenerate\Debug\rc.write.1.tlog
E:\CPROJECT\2020\DEMO\COMMANDGENERATE_PRO\COMMANDGENERATE\DEBUG\RUN_4002.OBJ
E:\CPROJECT\2020\DEMO\COMMANDGENERATE_PRO\COMMANDGENERATE\DEBUG\RUN_CI1102.OBJ
E:\CPROJECT\2020\DEMO\COMMANDGENERATE_PRO\COMMANDGENERATE\DEBUG\STDAFX.OBJ
E:\CPROJECT\2020\DEMO\COMMANDGENERATE_PRO\COMMANDGENERATE\DEBUG\TESTGO.OBJ
E:\CPROJECT\2020\DEMO\COMMANDGENERATE_PRO\COMMANDGENERATE\DEBUG\TTLWRAPPER.OBJ
E:\CPROJECT\2020\DEMO\COMMANDGENERATE_PRO\COMMANDGENERATE\DEBUG\UPCMD.OBJ
E:\Cproject\2020\demo\CommandGenerate_pro\CommandGenerate\Debug\vc100.idb
E:\CPROJECT\2020\DEMO\COMMANDGENERATE_PRO\COMMANDGENERATE\DEBUG\VC100.PDB
E:\CPROJECT\2020\DEMO\COMMANDGENERATE_PRO\COMMANDGENERATE\DEBUG\WAVEOUT.OBJ
E:\CPROJECT\2020\DEMO\COMMANDGENERATE_PRO\COMMANDGENERATE\DEBUG\WZSERIALPORT.OBJ
E:\Cproject\2020\demo\CommandGenerate_pro\Debug\CommandGenerate.pdb
